# JRE version: Java(TM) SE Runtime Environment (8.0_111-b14) (build 1.8.0_111-b14)
# Java VM: Java HotSpot(TM) Client VM (25.111-b14 mixed mode windows-x86 )
Heap:
 def new generation   total 25216K, used 16626K [0x03800000, 0x05350000, 0x18d50000)
  eden space 22464K,  63% used [0x03800000, 0x045f6600, 0x04df0000)
  from space 2752K,  84% used [0x050a0000, 0x052e6338, 0x05350000)
  to   space 2752K,   0% used [0x04df0000, 0x04df0000, 0x050a0000)
 tenured generation   total 55748K, used 53029K [0x18d50000, 0x1c3c1000, 0x43800000)
   the space 55748K,  95% used [0x18d50000, 0x1c119468, 0x1c119600, 0x1c3c1000)
 Metaspace       used 38523K, capacity 39755K, committed 39808K, reserved 40320K
GC Heap History (10 events):
Event: 170.905 GC heap before
{Heap before GC invocations=114 (full 5):
 def new generation   total 25216K, used 23218K [0x03800000, 0x05350000, 0x18d50000)
  eden space 22464K, 100% used [0x03800000, 0x04df0000, 0x04df0000)
  from space 2752K,  27% used [0x04df0000, 0x04eacaa0, 0x050a0000)
  to   space 2752K,   0% used [0x050a0000, 0x050a0000, 0x05350000)
 tenured generation   total 55748K, used 43641K [0x18d50000, 0x1c3c1000, 0x43800000)
   the space 55748K,  78% used [0x18d50000, 0x1b7ee778, 0x1b7ee800, 0x1c3c1000)
 Metaspace       used 36968K, capacity 38148K, committed 38272K, reserved 38272K
Event: 170.913 GC heap after
Heap after GC invocations=115 (full 5):
 def new generation   total 25216K, used 1418K [0x03800000, 0x05350000, 0x18d50000)
  eden space 22464K,   0% used [0x03800000, 0x03800000, 0x04df0000)
  from space 2752K,  51% used [0x050a0000, 0x05202810, 0x05350000)
  to   space 2752K,   0% used [0x04df0000, 0x04df0000, 0x050a0000)
 tenured generation   total 55748K, used 43641K [0x18d50000, 0x1c3c1000, 0x43800000)
   the space 55748K,  78% used [0x18d50000, 0x1b7ee778, 0x1b7ee800, 0x1c3c1000)
 Metaspace       used 36968K, capacity 38148K, committed 38272K, reserved 38272K
}
Event: 175.221 GC heap before
{Heap before GC invocations=115 (full 5):
 def new generation   total 25216K, used 23882K [0x03800000, 0x05350000, 0x18d50000)
  eden space 22464K, 100% used [0x03800000, 0x04df0000, 0x04df0000)
  from space 2752K,  51% used [0x050a0000, 0x05202810, 0x05350000)
  to   space 2752K,   0% used [0x04df0000, 0x04df0000, 0x050a0000)
 tenured generation   total 55748K, used 43641K [0x18d50000, 0x1c3c1000, 0x43800000)
   the space 55748K,  78% used [0x18d50000, 0x1b7ee778, 0x1b7ee800, 0x1c3c1000)
 Metaspace       used 37461K, capacity 38651K, committed 38784K, reserved 39296K
Event: 175.252 GC heap after
Heap after GC invocations=116 (full 5):
 def new generation   total 25216K, used 2752K [0x03800000, 0x05350000, 0x18d50000)
  eden space 22464K,   0% used [0x03800000, 0x03800000, 0x04df0000)
  from space 2752K, 100% used [0x04df0000, 0x050a0000, 0x050a0000)
  to   space 2752K,   0% used [0x050a0000, 0x050a0000, 0x05350000)
 tenured generation   total 55748K, used 44958K [0x18d50000, 0x1c3c1000, 0x43800000)
   the space 55748K,  80% used [0x18d50000, 0x1b937918, 0x1b937a00, 0x1c3c1000)
 Metaspace       used 37461K, capacity 38651K, committed 38784K, reserved 39296K
}
Event: 179.785 GC heap before
{Heap before GC invocations=116 (full 5):
 def new generation   total 25216K, used 25216K [0x03800000, 0x05350000, 0x18d50000)
  eden space 22464K, 100% used [0x03800000, 0x04df0000, 0x04df0000)
  from space 2752K, 100% used [0x04df0000, 0x050a0000, 0x050a0000)
  to   space 2752K,   0% used [0x050a0000, 0x050a0000, 0x05350000)
 tenured generation   total 55748K, used 44958K [0x18d50000, 0x1c3c1000, 0x43800000)
   the space 55748K,  80% used [0x18d50000, 0x1b937918, 0x1b937a00, 0x1c3c1000)
 Metaspace       used 37914K, capacity 39156K, committed 39168K, reserved 39296K
Event: 179.812 GC heap after
Heap after GC invocations=117 (full 5):
 def new generation   total 25216K, used 1438K [0x03800000, 0x05350000, 0x18d50000)
  eden space 22464K,   0% used [0x03800000, 0x03800000, 0x04df0000)
  from space 2752K,  52% used [0x050a0000, 0x05207928, 0x05350000)
  to   space 2752K,   0% used [0x04df0000, 0x04df0000, 0x050a0000)
 tenured generation   total 55748K, used 47682K [0x18d50000, 0x1c3c1000, 0x43800000)
   the space 55748K,  85% used [0x18d50000, 0x1bbe0a40, 0x1bbe0c00, 0x1c3c1000)
 Metaspace       used 37914K, capacity 39156K, committed 39168K, reserved 39296K
}
Event: 180.251 GC heap before
{Heap before GC invocations=117 (full 5):
 def new generation   total 25216K, used 23902K [0x03800000, 0x05350000, 0x18d50000)
  eden space 22464K, 100% used [0x03800000, 0x04df0000, 0x04df0000)
  from space 2752K,  52% used [0x050a0000, 0x05207928, 0x05350000)
  to   space 2752K,   0% used [0x04df0000, 0x04df0000, 0x050a0000)
 tenured generation   total 55748K, used 47682K [0x18d50000, 0x1c3c1000, 0x43800000)
   the space 55748K,  85% used [0x18d50000, 0x1bbe0a40, 0x1bbe0c00, 0x1c3c1000)
 Metaspace       used 37937K, capacity 39156K, committed 39168K, reserved 39296K
Event: 180.281 GC heap after
Heap after GC invocations=118 (full 5):
 def new generation   total 25216K, used 2752K [0x03800000, 0x05350000, 0x18d50000)
  eden space 22464K,   0% used [0x03800000, 0x03800000, 0x04df0000)
  from space 2752K, 100% used [0x04df0000, 0x050a0000, 0x050a0000)
  to   space 2752K,   0% used [0x050a0000, 0x050a0000, 0x05350000)
 tenured generation   total 55748K, used 50340K [0x18d50000, 0x1c3c1000, 0x43800000)
   the space 55748K,  90% used [0x18d50000, 0x1be793e0, 0x1be79400, 0x1c3c1000)
 Metaspace       used 37937K, capacity 39156K, committed 39168K, reserved 39296K
}
Event: 196.683 GC heap before
{Heap before GC invocations=118 (full 5):
 def new generation   total 25216K, used 25216K [0x03800000, 0x05350000, 0x18d50000)
  eden space 22464K, 100% used [0x03800000, 0x04df0000, 0x04df0000)
  from space 2752K, 100% used [0x04df0000, 0x050a0000, 0x050a0000)
  to   space 2752K,   0% used [0x050a0000, 0x050a0000, 0x05350000)
 tenured generation   total 55748K, used 50340K [0x18d50000, 0x1c3c1000, 0x43800000)
   the space 55748K,  90% used [0x18d50000, 0x1be793e0, 0x1be79400, 0x1c3c1000)
 Metaspace       used 38235K, capacity 39465K, committed 39552K, reserved 40320K
Event: 196.697 GC heap after
Heap after GC invocations=119 (full 5):
 def new generation   total 25216K, used 2328K [0x03800000, 0x05350000, 0x18d50000)
  eden space 22464K,   0% used [0x03800000, 0x03800000, 0x04df0000)
  from space 2752K,  84% used [0x050a0000, 0x052e6338, 0x05350000)
  to   space 2752K,   0% used [0x04df0000, 0x04df0000, 0x050a0000)
 tenured generation   total 55748K, used 53029K [0x18d50000, 0x1c3c1000, 0x43800000)
   the space 55748K,  95% used [0x18d50000, 0x1c119468, 0x1c119600, 0x1c3c1000)
 Metaspace       used 38235K, capacity 39465K, committed 39552K, reserved 40320K
}

